mode: atomic
github.com/gi8lino/randomapi/internal/data/data.go:17.50,21.16 3 7
github.com/gi8lino/randomapi/internal/data/data.go:21.16,23.3 1 2
github.com/gi8lino/randomapi/internal/data/data.go:25.2,25.56 1 5
github.com/gi8lino/randomapi/internal/data/data.go:25.56,27.3 1 2
github.com/gi8lino/randomapi/internal/data/data.go:29.2,29.22 1 3
github.com/gi8lino/randomapi/internal/data/reload.go:15.16,17.2 1 0
github.com/gi8lino/randomapi/internal/data/reload.go:24.16,26.22 2 3
github.com/gi8lino/randomapi/internal/data/reload.go:26.22,31.17 4 3
github.com/gi8lino/randomapi/internal/data/reload.go:31.17,33.4 1 1
github.com/gi8lino/randomapi/internal/data/reload.go:34.3,34.25 1 2
github.com/gi8lino/randomapi/internal/data/reload.go:34.25,36.4 1 1
github.com/gi8lino/randomapi/internal/data/reload.go:37.3,38.19 2 1
github.com/gi8lino/randomapi/internal/data/reload.go:38.19,40.4 1 1
github.com/gi8lino/randomapi/internal/data/reload.go:42.3,42.13 1 1
github.com/gi8lino/randomapi/internal/data/reload.go:47.110,48.6 1 1
github.com/gi8lino/randomapi/internal/data/reload.go:48.6,49.10 1 2
github.com/gi8lino/randomapi/internal/data/reload.go:50.21,51.10 1 1
github.com/gi8lino/randomapi/internal/data/reload.go:52.19,54.37 2 1
github.com/gi8lino/randomapi/internal/data/reload.go:54.37,56.5 1 0
github.com/gi8lino/randomapi/internal/data/reload.go:56.10,58.5 1 1
github.com/gi8lino/randomapi/internal/data/store.go:11.57,15.2 3 4
github.com/gi8lino/randomapi/internal/data/store.go:18.40,19.14 1 7
github.com/gi8lino/randomapi/internal/data/store.go:19.14,21.3 1 1
github.com/gi8lino/randomapi/internal/data/store.go:22.2,23.16 2 6
github.com/gi8lino/randomapi/internal/data/store.go:23.16,25.3 1 1
github.com/gi8lino/randomapi/internal/data/store.go:26.2,26.23 1 5
github.com/gi8lino/randomapi/internal/data/store.go:30.48,31.14 1 3
github.com/gi8lino/randomapi/internal/data/store.go:31.14,33.3 1 1
github.com/gi8lino/randomapi/internal/data/store.go:34.2,34.21 1 2
